[06-Apr-2018 08:49:02 UTC] PHP Notice:  Undefined index: SERVER_SOFTWARE in phar:///usr/local/bin/wp/php/WP_CLI/Runner.php(1020) : eval()'d code on line 75
[06-Apr-2018 08:49:03 UTC] PHP Notice:  Undefined index: SERVER_SOFTWARE in phar:///usr/local/bin/wp/php/WP_CLI/Runner.php(1020) : eval()'d code on line 75
[06-Apr-2018 08:49:06 UTC] PHP Notice:  Undefined index: SERVER_SOFTWARE in phar:///usr/local/bin/wp/php/WP_CLI/Runner.php(1020) : eval()'d code on line 75
[06-Apr-2018 08:49:06 UTC] PHP Notice:  Undefined index: SERVER_SOFTWARE in phar:///usr/local/bin/wp/php/WP_CLI/Runner.php(1020) : eval()'d code on line 75
[06-Apr-2018 08:49:08 UTC] PHP Notice:  Undefined index: SERVER_SOFTWARE in phar:///usr/local/bin/wp/php/WP_CLI/Runner.php(1020) : eval()'d code on line 75
[06-Apr-2018 08:49:08 UTC] PHP Notice:  Undefined index: SERVER_SOFTWARE in phar:///usr/local/bin/wp/php/WP_CLI/Runner.php(1020) : eval()'d code on line 75
[06-Apr-2018 09:56:00 UTC] PHP Parse error:  syntax error, unexpected 'row' (T_STRING), expecting ',' or ';' in /app/public/basepokemon.php on line 83
[06-Apr-2018 09:59:36 UTC] PHP Parse error:  syntax error, unexpected 'row' (T_STRING), expecting ',' or ';' in /app/public/basepokemon.php on line 74
[06-Apr-2018 10:07:52 UTC] PHP Parse error:  syntax error, unexpected 'te' (T_STRING), expecting ',' or ';' in /app/public/basepokemon.php on line 79
[06-Apr-2018 10:08:04 UTC] PHP Parse error:  syntax error, unexpected 'te' (T_STRING), expecting ',' or ';' in /app/public/basepokemon.php on line 79
[06-Apr-2018 10:08:04 UTC] PHP Parse error:  syntax error, unexpected 'te' (T_STRING), expecting ',' or ';' in /app/public/basepokemon.php on line 79
[06-Apr-2018 10:08:48 UTC] PHP Notice:  Array to string conversion in /app/public/basepokemon.php on line 79
[06-Apr-2018 10:08:48 UTC] PHP Notice:  Array to string conversion in /app/public/basepokemon.php on line 79
[06-Apr-2018 10:09:14 UTC] PHP Parse error:  syntax error, unexpected 'nom' (T_STRING), expecting ',' or ';' in /app/public/basepokemon.php on line 79
[06-Apr-2018 10:10:01 UTC] PHP Notice:  Array to string conversion in /app/public/basepokemon.php on line 72
[06-Apr-2018 10:10:01 UTC] PHP Notice:  Array to string conversion in /app/public/basepokemon.php on line 72
[06-Apr-2018 10:10:01 UTC] PHP Notice:  Array to string conversion in /app/public/basepokemon.php on line 72
[06-Apr-2018 10:11:15 UTC] PHP Notice:  Array to string conversion in /app/public/basepokemon.php on line 72
[06-Apr-2018 10:11:15 UTC] PHP Notice:  Array to string conversion in /app/public/basepokemon.php on line 72
[06-Apr-2018 10:11:15 UTC] PHP Notice:  Array to string conversion in /app/public/basepokemon.php on line 72
[06-Apr-2018 10:11:16 UTC] PHP Notice:  Array to string conversion in /app/public/basepokemon.php on line 72
[06-Apr-2018 10:11:16 UTC] PHP Notice:  Array to string conversion in /app/public/basepokemon.php on line 72
[06-Apr-2018 10:11:16 UTC] PHP Notice:  Array to string conversion in /app/public/basepokemon.php on line 72
[06-Apr-2018 10:11:29 UTC] PHP Notice:  Array to string conversion in /app/public/basepokemon.php on line 72
[06-Apr-2018 10:11:29 UTC] PHP Notice:  Array to string conversion in /app/public/basepokemon.php on line 72
[06-Apr-2018 10:11:29 UTC] PHP Notice:  Array to string conversion in /app/public/basepokemon.php on line 72
[06-Apr-2018 10:12:23 UTC] PHP Notice:  Array to string conversion in /app/public/basepokemon.php on line 72
[06-Apr-2018 10:12:23 UTC] PHP Notice:  Array to string conversion in /app/public/basepokemon.php on line 72
[06-Apr-2018 10:12:23 UTC] PHP Notice:  Array to string conversion in /app/public/basepokemon.php on line 72
[06-Apr-2018 10:12:32 UTC] PHP Notice:  Array to string conversion in /app/public/basepokemon.php on line 72
[06-Apr-2018 10:12:32 UTC] PHP Notice:  Array to string conversion in /app/public/basepokemon.php on line 72
[06-Apr-2018 10:12:32 UTC] PHP Notice:  Array to string conversion in /app/public/basepokemon.php on line 72
[06-Apr-2018 10:22:17 UTC] PHP Parse error:  syntax error, unexpected '"<br>\";' (T_CONSTANT_ENCAPSED_STRING), expecting identifier (T_STRING) in /app/public/basepokemon.php on line 85
[06-Apr-2018 10:23:03 UTC] PHP Parse error:  syntax error, unexpected '' (T_ENCAPSED_AND_WHITESPACE), expecting '-' or identifier (T_STRING) or variable (T_VARIABLE) or number (T_NUM_STRING) in /app/public/basepokemon.php on line 80
[06-Apr-2018 10:25:47 UTC] PHP Parse error:  syntax error, unexpected '' (T_ENCAPSED_AND_WHITESPACE), expecting '-' or identifier (T_STRING) or variable (T_VARIABLE) or number (T_NUM_STRING) in /app/public/basepokemon.php on line 80
